<?xml version="1.0" encoding="UTF-8"?>
<!-- Generated by org.testng.reporters.JUnitReportReporter -->
<testsuite hostname="WABTEC-SHIHARA" failures="0" tests="3" name="day44.GroupingLoginTests" time="0.011" errors="0" timestamp="2024-07-02T16:10:39 IST" skipped="0">
  <testcase classname="day44.GroupingLoginTests" name="loginByEmail" time="0.008"/>
  <system-out/>
  <testcase classname="day44.GroupingLoginTests" name="loginByFacebook" time="0.002"/>
  <system-out/>
  <testcase classname="day44.GroupingLoginTests" name="loginByTwitter" time="0.001"/>
  <system-out/>
</testsuite> <!-- day44.GroupingLoginTests -->
