<?xml version="1.0" encoding="UTF-8"?>
<!-- Generated by org.testng.reporters.JUnitReportReporter -->
<testsuite hostname="WABTEC-SHIHARA" failures="0" tests="2" name="day43.test.C3" time="0.002" errors="0" timestamp="2024-07-02T11:27:01 IST" skipped="0">
  <testcase classname="day43.test.C3" name="pqr" time="0.001"/>
  <system-out/>
  <testcase classname="day43.test.C3" name="pqr" time="0.001"/>
  <system-out/>
</testsuite> <!-- day43.test.C3 -->
