<?xml version="1.0" encoding="UTF-8"?>
<!-- Generated by org.testng.reporters.JUnitReportReporter -->
<testsuite hostname="WABTEC-SHIHARA" failures="0" tests="2" name="day44.GroupingPaymentTests" time="0.011" errors="0" timestamp="2024-07-02T16:20:34 IST" skipped="0">
  <testcase classname="day44.GroupingPaymentTests" name="paymentInRuppes" time="0.010"/>
  <system-out/>
  <testcase classname="day44.GroupingPaymentTests" name="paymentInDollers" time="0.001"/>
  <system-out/>
</testsuite> <!-- day44.GroupingPaymentTests -->
