<?xml version="1.0" encoding="UTF-8"?>
<!-- Generated by org.testng.reporters.JUnitReportReporter -->
<testsuite hostname="WABTEC-SHIHARA" failures="0" tests="1" name="day47.LoginTest" time="2.063" errors="0" timestamp="2024-07-08T13:15:34 IST" skipped="0">
  <testcase classname="day47.LoginTest" name="testLogin" time="2.063"/>
  <system-out/>
</testsuite> <!-- day47.LoginTest -->
