<?xml version="1.0" encoding="UTF-8"?>
<!-- Generated by org.testng.reporters.JUnitReportReporter -->
<testsuite hostname="WABTEC-SHIHARA" failures="0" tests="3" name="day44.GroupingSignupTests" time="0.011" errors="0" timestamp="2024-07-02T16:26:35 IST" skipped="0">
  <testcase classname="day44.GroupingSignupTests" name="loginByEmail" time="0.009"/>
  <system-out/>
  <testcase classname="day44.GroupingSignupTests" name="loginByFacebook" time="0.001"/>
  <system-out/>
  <testcase classname="day44.GroupingSignupTests" name="loginByTwitter" time="0.001"/>
  <system-out/>
</testsuite> <!-- day44.GroupingSignupTests -->
