<?xml version="1.0" encoding="UTF-8"?>
<!-- Generated by org.testng.reporters.JUnitReportReporter -->
<testsuite hostname="WABTEC-SHIHARA" failures="0" tests="9" name="day45.ParalleTest" time="0.175" errors="0" timestamp="2024-07-04T13:38:38 IST" skipped="0">
  <testcase classname="day45.ParalleTest" name="testLogo" time="0.050"/>
  <system-out/>
  <testcase classname="day45.ParalleTest" name="testLogo" time="0.034"/>
  <system-out/>
  <testcase classname="day45.ParalleTest" name="testLogo" time="0.051"/>
  <system-out/>
  <testcase classname="day45.ParalleTest" name="testTitle" time="0.008"/>
  <system-out/>
  <testcase classname="day45.ParalleTest" name="testTitle" time="0.005"/>
  <system-out/>
  <testcase classname="day45.ParalleTest" name="testTitle" time="0.009"/>
  <system-out/>
  <testcase classname="day45.ParalleTest" name="testURL" time="0.007"/>
  <system-out/>
  <testcase classname="day45.ParalleTest" name="testURL" time="0.007"/>
  <system-out/>
  <testcase classname="day45.ParalleTest" name="testURL" time="0.004"/>
  <system-out/>
</testsuite> <!-- day45.ParalleTest -->
