<?xml version="1.0" encoding="UTF-8"?>
<!-- Generated by org.testng.reporters.JUnitReportReporter -->
<testsuite hostname="WABTEC-SHIHARA" failures="0" tests="2" name="day43.AnnotationsDemo1" time="0.007" errors="0" timestamp="2024-06-28T16:36:39 IST" skipped="0">
  <testcase classname="day43.AnnotationsDemo1" name="search" time="0.007"/>
  <system-out/>
  <testcase classname="day43.AnnotationsDemo1" name="advanceSearch" time="0.000"/>
  <system-out/>
</testsuite> <!-- day43.AnnotationsDemo1 -->
