<?xml version="1.0" encoding="UTF-8"?>
<!-- Generated by org.testng.reporters.JUnitReportReporter -->
<testsuite hostname="WABTEC-SHIHARA" failures="0" tests="1" name="day47.LoginTestPageFactory" time="2.317" errors="0" timestamp="2024-07-08T13:13:53 IST" skipped="0">
  <testcase classname="day47.LoginTestPageFactory" name="testLogin" time="2.317"/>
  <system-out/>
</testsuite> <!-- day47.LoginTestPageFactory -->
